<?xml version="1.0" encoding="UTF-8"?>
<testng-results ignored="0" total="2" passed="2" failed="0" skipped="0">
  <reporter-output>
    <line>
      <![CDATA[----------Execution Started----------]]>
    </line>
    <line>
      <![CDATA[----------Execution Completed----------]]>
    </line>
  </reporter-output>
  <suite started-at="2023-10-17T19:28:28 IST" name="Suite" finished-at="2023-10-17T19:28:58 IST" duration-ms="29792">
    <groups>
    </groups>
    <test started-at="2023-10-17T19:28:28 IST" name="Test" finished-at="2023-10-17T19:28:58 IST" duration-ms="29792">
      <class name="com.actitime.test.tc_1_login">
        <test-method is-config="true" signature="executionStart()[pri:0, instance:com.actitime.test.tc_1_login@6379eb]" started-at="2023-10-17T19:28:28 IST" name="executionStart" finished-at="2023-10-17T19:28:28 IST" duration-ms="16" status="PASS">
          <reporter-output>
            <line>
              <![CDATA[----------Execution Started----------]]>
            </line>
          </reporter-output>
        </test-method> <!-- executionStart -->
        <test-method is-config="true" signature="setup()[pri:0, instance:com.actitime.test.tc_1_login@6379eb]" started-at="2023-10-17T19:28:28 IST" name="setup" finished-at="2023-10-17T19:28:47 IST" duration-ms="19322" status="PASS">
          <reporter-output>
          </reporter-output>
        </test-method> <!-- setup -->
        <test-method signature="login()[pri:0, instance:com.actitime.test.tc_1_login@6379eb]" started-at="2023-10-17T19:28:47 IST" name="login" finished-at="2023-10-17T19:28:51 IST" duration-ms="3496" status="PASS">
          <reporter-output>
          </reporter-output>
        </test-method> <!-- login -->
        <test-method signature="logout()[pri:0, instance:com.actitime.test.tc_1_login@6379eb]" started-at="2023-10-17T19:28:51 IST" name="logout" finished-at="2023-10-17T19:28:57 IST" depends-on-methods="com.actitime.test.tc_1_login.login" duration-ms="6756" status="PASS">
          <reporter-output>
          </reporter-output>
        </test-method> <!-- logout -->
        <test-method is-config="true" signature="teardown()[pri:0, instance:com.actitime.test.tc_1_login@6379eb]" started-at="2023-10-17T19:28:57 IST" name="teardown" finished-at="2023-10-17T19:28:58 IST" duration-ms="161" status="PASS">
          <reporter-output>
          </reporter-output>
        </test-method> <!-- teardown -->
        <test-method is-config="true" signature="executionComplete()[pri:0, instance:com.actitime.test.tc_1_login@6379eb]" started-at="2023-10-17T19:28:58 IST" name="executionComplete" finished-at="2023-10-17T19:28:58 IST" duration-ms="0" status="PASS">
          <reporter-output>
            <line>
              <![CDATA[----------Execution Completed----------]]>
            </line>
          </reporter-output>
        </test-method> <!-- executionComplete -->
      </class> <!-- com.actitime.test.tc_1_login -->
    </test> <!-- Test -->
  </suite> <!-- Suite -->
</testng-results>
