<?xml version="1.0" encoding="UTF-8"?>
<testng-results ignored="0" total="2" passed="2" failed="0" skipped="0">
  <reporter-output>
    <line>
      <![CDATA[----------Execution Started----------]]>
    </line>
    <line>
      <![CDATA[----------Execution Completed----------]]>
    </line>
  </reporter-output>
  <suite started-at="2023-10-17T19:23:30 IST" name="Suite" finished-at="2023-10-17T19:24:12 IST" duration-ms="42101">
    <groups>
    </groups>
    <test started-at="2023-10-17T19:23:30 IST" name="Test" finished-at="2023-10-17T19:24:12 IST" duration-ms="42101">
      <class name="com.actitime.test.tc_1_login">
        <test-method is-config="true" signature="executionStart()[pri:0, instance:com.actitime.test.tc_1_login@702657cc]" started-at="2023-10-17T19:23:30 IST" name="executionStart" finished-at="2023-10-17T19:23:30 IST" duration-ms="32" status="PASS">
          <reporter-output>
            <line>
              <![CDATA[----------Execution Started----------]]>
            </line>
          </reporter-output>
        </test-method> <!-- executionStart -->
        <test-method is-config="true" signature="setup()[pri:0, instance:com.actitime.test.tc_1_login@702657cc]" started-at="2023-10-17T19:23:30 IST" name="setup" finished-at="2023-10-17T19:23:56 IST" duration-ms="25857" status="PASS">
          <reporter-output>
          </reporter-output>
        </test-method> <!-- setup -->
        <test-method signature="login()[pri:0, instance:com.actitime.test.tc_1_login@702657cc]" started-at="2023-10-17T19:23:56 IST" name="login" finished-at="2023-10-17T19:24:01 IST" duration-ms="4655" status="PASS">
          <reporter-output>
          </reporter-output>
        </test-method> <!-- login -->
        <test-method signature="logout()[pri:0, instance:com.actitime.test.tc_1_login@702657cc]" started-at="2023-10-17T19:24:01 IST" name="logout" finished-at="2023-10-17T19:24:12 IST" depends-on-methods="com.actitime.test.tc_1_login.login" duration-ms="11036" status="PASS">
          <reporter-output>
          </reporter-output>
        </test-method> <!-- logout -->
        <test-method is-config="true" signature="teardown()[pri:0, instance:com.actitime.test.tc_1_login@702657cc]" started-at="2023-10-17T19:24:12 IST" name="teardown" finished-at="2023-10-17T19:24:12 IST" duration-ms="453" status="PASS">
          <reporter-output>
          </reporter-output>
        </test-method> <!-- teardown -->
        <test-method is-config="true" signature="executionComplete()[pri:0, instance:com.actitime.test.tc_1_login@702657cc]" started-at="2023-10-17T19:24:12 IST" name="executionComplete" finished-at="2023-10-17T19:24:12 IST" duration-ms="5" status="PASS">
          <reporter-output>
            <line>
              <![CDATA[----------Execution Completed----------]]>
            </line>
          </reporter-output>
        </test-method> <!-- executionComplete -->
      </class> <!-- com.actitime.test.tc_1_login -->
    </test> <!-- Test -->
  </suite> <!-- Suite -->
</testng-results>
